<?xml version="1.0" encoding="UTF-8"?>
<!-- Generated by org.testng.reporters.JUnitXMLReporter -->
<testsuite hostname="WIN-GEDESCREUP8" ignored="0" name="Test" tests="1" failures="1" timestamp="24 Feb 2018 19:20:33 GMT" time="7.376" errors="0">
  <testcase name="test" time="2.005" classname="testPackage.NewTest">
    <failure type="java.lang.AssertionError" message="expected [true] but found [false]">
      <![CDATA[java.lang.AssertionError: expected [true] but found [false]
at testPackage.NewTest.test(NewTest.java:26)
... Removed 29 stack frames]]>
    </failure>
  </testcase> <!-- test -->
</testsuite> <!-- Test -->
